2024-03-22 07:01:07 - DEBUG - Initializing CalculatorREPL
2024-03-22 07:01:07 - DEBUG - Registering core commands
2024-03-22 07:01:07 - DEBUG - Loading plugins
2024-03-22 07:01:07 - INFO - Starting the Calculator REPL.
2024-03-22 07:01:10 - DEBUG - Received command: menu with args: []
2024-03-22 07:01:10 - INFO - Executing command: menu
2024-03-22 07:01:15 - DEBUG - Received command: greet with args: ['someone']
2024-03-22 07:01:15 - INFO - Executing command: greet
2024-03-22 07:01:17 - DEBUG - Received command: exit with args: []
2024-03-22 07:01:17 - INFO - Exiting the Calculator REPL.
2024-03-23 06:10:18 - DEBUG - Initializing CalculatorREPL
2024-03-23 06:10:18 - DEBUG - Registering core commands
2024-03-23 06:10:18 - DEBUG - Loading plugins
2024-03-23 06:10:18 - INFO - Starting the Calculator REPL.
2024-03-23 06:10:31 - DEBUG - Received command: calc with args: ['1', '300', 'add']
2024-03-23 06:10:31 - INFO - Executing command: calc
2024-03-23 06:10:35 - DEBUG - Received command: menu with args: []
2024-03-23 06:10:35 - INFO - Executing command: menu
2024-03-23 06:10:39 - DEBUG - Received command: greet with args: []
2024-03-23 06:10:39 - INFO - Executing command: greet
2024-03-23 06:11:05 - DEBUG - Received command: greet with args: ['wednesday']
2024-03-23 06:11:05 - INFO - Executing command: greet
2024-03-23 06:11:17 - DEBUG - Received command: calchistory with args: []
2024-03-23 06:11:17 - INFO - Executing command: calchistory
2024-03-23 06:11:25 - DEBUG - Received command: historyrepl with args: []
2024-03-23 06:11:25 - INFO - Executing command: historyrepl
2024-03-23 06:11:41 - DEBUG - Received command: exit with args: []
2024-03-23 06:11:41 - INFO - Exiting the Calculator REPL.
2024-03-23 06:18:44 - DEBUG - Initializing CalculatorREPL
2024-03-23 06:18:44 - DEBUG - Registering core commands
2024-03-23 06:18:44 - DEBUG - Loading plugins
2024-03-23 06:18:44 - INFO - Starting the Calculator REPL.
2024-03-23 06:19:56 - DEBUG - Received command: exit with args: []
2024-03-23 06:19:56 - INFO - Exiting the Calculator REPL.
2024-03-23 06:20:11 - DEBUG - Initializing CalculatorREPL
2024-03-23 06:20:11 - DEBUG - Registering core commands
2024-03-23 06:20:11 - DEBUG - Loading plugins
2024-03-23 06:20:11 - INFO - Starting the Calculator REPL.
2024-03-23 06:20:18 - DEBUG - Received command: menu with args: []
2024-03-23 06:20:18 - INFO - Executing command: menu
2024-03-23 06:20:24 - DEBUG - Received command: calc with args: ['1', '400', 'add']
2024-03-23 06:20:24 - INFO - Executing command: calc
2024-03-23 06:20:31 - DEBUG - Received command: greet with args: ['robo']
2024-03-23 06:20:31 - INFO - Executing command: greet
2024-03-23 06:20:37 - DEBUG - Received command: calchistory with args: []
2024-03-23 06:20:37 - INFO - Executing command: calchistory
2024-03-23 06:20:45 - DEBUG - Received command: historyrepl with args: []
2024-03-23 06:20:45 - INFO - Executing command: historyrepl
2024-03-23 06:21:03 - DEBUG - Received command: calchistory with args: []
2024-03-23 06:21:03 - INFO - Executing command: calchistory
2024-03-23 06:21:12 - DEBUG - Received command: exit with args: []
2024-03-23 06:21:12 - INFO - Exiting the Calculator REPL.
2024-03-23 06:21:15 - DEBUG - Initializing CalculatorREPL
2024-03-23 06:21:15 - DEBUG - Registering core commands
2024-03-23 06:21:15 - DEBUG - Loading plugins
2024-03-23 06:21:15 - INFO - Starting the Calculator REPL.
2024-03-23 06:21:19 - DEBUG - Received command: calchistory with args: []
2024-03-23 06:21:19 - INFO - Executing command: calchistory
2024-03-23 06:21:51 - DEBUG - Received command: historyrepl with args: []
2024-03-23 06:21:51 - INFO - Executing command: historyrepl
2024-03-23 06:22:09 - DEBUG - Received command: exit with args: []
2024-03-23 06:22:09 - INFO - Exiting the Calculator REPL.
2024-03-23 06:22:11 - DEBUG - Initializing CalculatorREPL
2024-03-23 06:22:11 - DEBUG - Registering core commands
2024-03-23 06:22:11 - DEBUG - Loading plugins
2024-03-23 06:22:11 - INFO - Starting the Calculator REPL.
2024-03-23 06:22:16 - DEBUG - Received command: calhistory with args: []
2024-03-23 06:22:16 - INFO - Executing command: calhistory
2024-03-23 06:22:21 - DEBUG - Received command: calchistory with args: []
2024-03-23 06:22:21 - INFO - Executing command: calchistory
2024-03-23 06:22:23 - DEBUG - Received command: exit with args: []
2024-03-23 06:22:23 - INFO - Exiting the Calculator REPL.
